<?xml version="1.0" encoding="UTF-8" ?>
<testsuite failures="0" time="0.546" errors="0" skipped="0" tests="1" name="de.mbenning.weather.wunderground.FileDataReaderTest">
  <properties>
    <property name="java.runtime.name" value="Java(TM) SE Runtime Environment"/>
    <property name="sun.boot.library.path" value="C:\Programme\Java\jdk1.6.0_23\jre\bin"/>
    <property name="java.vm.version" value="19.0-b06"/>
    <property name="java.vm.vendor" value="Sun Microsystems Inc."/>
    <property name="java.vendor.url" value="http://java.sun.com/"/>
    <property name="path.separator" value=";"/>
    <property name="java.vm.name" value="OpenJDK Client VM"/>
    <property name="file.encoding.pkg" value="sun.io"/>
    <property name="user.country" value="DE"/>
    <property name="sun.java.launcher" value="SUN_STANDARD"/>
    <property name="sun.os.patch.level" value="Service Pack 3"/>
    <property name="java.vm.specification.name" value="Java Virtual Machine Specification"/>
    <property name="user.dir" value="D:\mbenning\sources\wunderground-datareader"/>
    <property name="java.runtime.version" value="1.6.0_23-ea-b01"/>
    <property name="java.awt.graphicsenv" value="sun.awt.Win32GraphicsEnvironment"/>
    <property name="basedir" value="D:\mbenning\sources\wunderground-datareader"/>
    <property name="java.endorsed.dirs" value="C:\Programme\Java\jdk1.6.0_23\jre\lib\endorsed"/>
    <property name="os.arch" value="x86"/>
    <property name="surefire.real.class.path" value="D:\mbenning\sources\wunderground-datareader\target\surefire\surefirebooter4904904353466164928.jar"/>
    <property name="java.io.tmpdir" value="C:\DOKUME~1\MARTIN~1.BEN\LOKALE~1\Temp\"/>
    <property name="line.separator" value="
"/>
    <property name="java.vm.specification.vendor" value="Sun Microsystems Inc."/>
    <property name="user.variant" value=""/>
    <property name="os.name" value="Windows XP"/>
    <property name="sun.jnu.encoding" value="Cp1252"/>
    <property name="java.library.path" value="C:\Programme\Java\jdk1.6.0_23\jre\bin;.;C:\WINDOWS\Sun\Java\bin;C:\WINDOWS\system32;C:\WINDOWS;C:/Programme/Genuitec/Common/binary/com.sun.java.jdk.win32.x86_1.6.0.013/jre/bin/client;C:/Programme/Genuitec/Common/binary/com.sun.java.jdk.win32.x86_1.6.0.013/jre/bin;C:/Programme/Genuitec/Common/binary/com.sun.java.jdk.win32.x86_1.6.0.013/jre/lib/i386;C:\WINDOWS\system32;C:\WINDOWS;C:\WINDOWS\System32\Wbem;C:\WINDOWS\system32\WindowsPowerShell\v1.0;C:\Programme\Intel\DMIX;c:\Programme\Intel\WiFi\bin\;c:\Programme\Gemeinsame Dateien\Roxio Shared\DLLShared\;c:\Programme\Gemeinsame Dateien\Roxio Shared\10.0\DLLShared\;C:\PROGRA~1\ATT\Graphviz\bin;C:\Programme\Inkscape;C:\Programme\bin;C:\Programme\PostgreSQL\8.2\bin;C:\Programme\Java\apache-ant-1.7.0\bin;C:\Programme\TrueCrypt;D:\Programme\WinMerge;D:\projects\VPF\environment\apache-maven-2.2.1\bin;D:\projects\VPF\environment\Cougaar12_4\bin/bin;C:\Programme\Graphviz2.26.3\bin;D:\mbenning\Development\groovy-1.7.7\\bin;D:\mbenning\Development\JMETER\jakarta-jmeter-2.4\bin;C:\Dokumente und Einstellungen\Martin.Benning\Desktop\VPF\Batch;C:\Programme\Java\jdk1.5.0_12\bin;D:\masm32\bin\;D:\TASM\BIN;"/>
    <property name="surefire.test.class.path" value="D:\mbenning\sources\wunderground-datareader\target\test-classes;D:\mbenning\sources\wunderground-datareader\target\classes;C:\Dokumente und Einstellungen\Martin.Benning\.m2\repository\joda-time\joda-time\2.0\joda-time-2.0.jar;C:\Dokumente und Einstellungen\Martin.Benning\.m2\repository\junit\junit\4.5\junit-4.5.jar;C:\Dokumente und Einstellungen\Martin.Benning\.m2\repository\org\springframework\spring-core\3.0.6.RELEASE\spring-core-3.0.6.RELEASE.jar;C:\Dokumente und Einstellungen\Martin.Benning\.m2\repository\org\springframework\spring-asm\3.0.6.RELEASE\spring-asm-3.0.6.RELEASE.jar;C:\Dokumente und Einstellungen\Martin.Benning\.m2\repository\commons-logging\commons-logging\1.1.1\commons-logging-1.1.1.jar;C:\Dokumente und Einstellungen\Martin.Benning\.m2\repository\org\springframework\spring-beans\3.0.6.RELEASE\spring-beans-3.0.6.RELEASE.jar;C:\Dokumente und Einstellungen\Martin.Benning\.m2\repository\org\springframework\spring-test\3.0.6.RELEASE\spring-test-3.0.6.RELEASE.jar;C:\Dokumente und Einstellungen\Martin.Benning\.m2\repository\org\springframework\spring-context\3.0.6.RELEASE\spring-context-3.0.6.RELEASE.jar;C:\Dokumente und Einstellungen\Martin.Benning\.m2\repository\org\springframework\spring-aop\3.0.6.RELEASE\spring-aop-3.0.6.RELEASE.jar;C:\Dokumente und Einstellungen\Martin.Benning\.m2\repository\aopalliance\aopalliance\1.0\aopalliance-1.0.jar;C:\Dokumente und Einstellungen\Martin.Benning\.m2\repository\org\springframework\spring-expression\3.0.6.RELEASE\spring-expression-3.0.6.RELEASE.jar;"/>
    <property name="java.specification.name" value="Java Platform API Specification"/>
    <property name="java.class.version" value="50.0"/>
    <property name="sun.management.compiler" value="HotSpot Client Compiler"/>
    <property name="os.version" value="5.1"/>
    <property name="user.home" value="C:\Dokumente und Einstellungen\Martin.Benning"/>
    <property name="user.timezone" value="Europe/Berlin"/>
    <property name="java.awt.printerjob" value="sun.awt.windows.WPrinterJob"/>
    <property name="java.specification.version" value="1.6"/>
    <property name="file.encoding" value="Cp1252"/>
    <property name="user.name" value="Martin.Benning"/>
    <property name="java.class.path" value="D:\mbenning\sources\wunderground-datareader\target\test-classes;D:\mbenning\sources\wunderground-datareader\target\classes;C:\Dokumente und Einstellungen\Martin.Benning\.m2\repository\joda-time\joda-time\2.0\joda-time-2.0.jar;C:\Dokumente und Einstellungen\Martin.Benning\.m2\repository\junit\junit\4.5\junit-4.5.jar;C:\Dokumente und Einstellungen\Martin.Benning\.m2\repository\org\springframework\spring-core\3.0.6.RELEASE\spring-core-3.0.6.RELEASE.jar;C:\Dokumente und Einstellungen\Martin.Benning\.m2\repository\org\springframework\spring-asm\3.0.6.RELEASE\spring-asm-3.0.6.RELEASE.jar;C:\Dokumente und Einstellungen\Martin.Benning\.m2\repository\commons-logging\commons-logging\1.1.1\commons-logging-1.1.1.jar;C:\Dokumente und Einstellungen\Martin.Benning\.m2\repository\org\springframework\spring-beans\3.0.6.RELEASE\spring-beans-3.0.6.RELEASE.jar;C:\Dokumente und Einstellungen\Martin.Benning\.m2\repository\org\springframework\spring-test\3.0.6.RELEASE\spring-test-3.0.6.RELEASE.jar;C:\Dokumente und Einstellungen\Martin.Benning\.m2\repository\org\springframework\spring-context\3.0.6.RELEASE\spring-context-3.0.6.RELEASE.jar;C:\Dokumente und Einstellungen\Martin.Benning\.m2\repository\org\springframework\spring-aop\3.0.6.RELEASE\spring-aop-3.0.6.RELEASE.jar;C:\Dokumente und Einstellungen\Martin.Benning\.m2\repository\aopalliance\aopalliance\1.0\aopalliance-1.0.jar;C:\Dokumente und Einstellungen\Martin.Benning\.m2\repository\org\springframework\spring-expression\3.0.6.RELEASE\spring-expression-3.0.6.RELEASE.jar;"/>
    <property name="java.vm.specification.version" value="1.0"/>
    <property name="sun.arch.data.model" value="32"/>
    <property name="java.home" value="C:\Programme\Java\jdk1.6.0_23\jre"/>
    <property name="java.specification.vendor" value="Sun Microsystems Inc."/>
    <property name="user.language" value="de"/>
    <property name="awt.toolkit" value="sun.awt.windows.WToolkit"/>
    <property name="java.vm.info" value="mixed mode, sharing"/>
    <property name="java.version" value="1.6.0_23-ea"/>
    <property name="java.ext.dirs" value="C:\Programme\Java\jdk1.6.0_23\jre\lib\ext;C:\WINDOWS\Sun\Java\lib\ext"/>
    <property name="sun.boot.class.path" value="C:\Programme\Java\jdk1.6.0_23\jre\lib\resources.jar;C:\Programme\Java\jdk1.6.0_23\jre\lib\rt.jar;C:\Programme\Java\jdk1.6.0_23\jre\lib\sunrsasign.jar;C:\Programme\Java\jdk1.6.0_23\jre\lib\jsse.jar;C:\Programme\Java\jdk1.6.0_23\jre\lib\jce.jar;C:\Programme\Java\jdk1.6.0_23\jre\lib\charsets.jar;C:\Programme\Java\jdk1.6.0_23\jre\lib\modules\jdk.boot.jar;C:\Programme\Java\jdk1.6.0_23\jre\classes"/>
    <property name="java.vendor" value="Sun Microsystems Inc."/>
    <property name="localRepository" value="C:\Dokumente und Einstellungen\Martin.Benning\.m2\repository"/>
    <property name="file.separator" value="\"/>
    <property name="java.vendor.url.bug" value="http://java.sun.com/cgi-bin/bugreport.cgi"/>
    <property name="sun.cpu.endian" value="little"/>
    <property name="sun.io.unicode.encoding" value="UnicodeLittle"/>
    <property name="sun.desktop" value="windows"/>
    <property name="sun.cpu.isalist" value="pentium_pro+mmx pentium_pro pentium+mmx pentium i486 i386 i86"/>
  </properties>
  <testcase time="0.437" classname="de.mbenning.weather.wunderground.FileDataReaderTest" name="testNextDataSet"/>
</testsuite>